<?xml version="1.0" encoding="UTF-8"?>
<!-- Generated by org.testng.reporters.JUnitReportReporter -->
<testsuite hostname="MSI" failures="0" tests="1" name="ePack.Demo" time="5.468" errors="0" timestamp="2023-06-20T20:26:37 IST" skipped="0">
  <testcase classname="ePack.Demo" name="loginTest" time="5.468"/>
  <system-out/>
</testsuite> <!-- ePack.Demo -->
