<?xml version="1.0" encoding="UTF-8"?>
<!-- Generated by org.testng.reporters.JUnitReportReporter -->
<testsuite hostname="MSI" failures="0" tests="1" name="ePack.LoginTest" time="5.452" errors="0" timestamp="2023-07-11T20:05:02 IST" skipped="0">
  <testcase classname="ePack.LoginTest" name="login" time="5.452"/>
  <system-out/>
</testsuite> <!-- ePack.LoginTest -->
