<?xml version="1.0" encoding="UTF-8"?>
<!-- Generated by org.testng.reporters.JUnitReportReporter -->
<testsuite hostname="MSI" failures="0" tests="1" name="ePack.DemoOneTest" time="5.781" errors="0" timestamp="2023-06-20T20:30:47 IST" skipped="0">
  <testcase classname="ePack.DemoOneTest" name="loginTest" time="5.781"/>
  <system-out/>
</testsuite> <!-- ePack.DemoOneTest -->
